e:\xuexi\c++project\弹弹堂\弹弹堂\release\vc142.pdb
e:\xuexi\c++project\弹弹堂\弹弹堂\release\main.obj
e:\xuexi\c++project\弹弹堂\弹弹堂\release\global.obj
e:\xuexi\c++project\弹弹堂\弹弹堂\release\game.obj
e:\xuexi\c++project\弹弹堂\release\弹弹堂.exe
e:\xuexi\c++project\弹弹堂\release\弹弹堂.pdb
e:\xuexi\c++project\弹弹堂\弹弹堂\release\弹弹堂.res
e:\xuexi\c++project\弹弹堂\release\弹弹堂.ipdb
e:\xuexi\c++project\弹弹堂\release\弹弹堂.iobj
e:\xuexi\c++project\弹弹堂\弹弹堂\release\弹弹堂.tlog\cl.command.1.tlog
e:\xuexi\c++project\弹弹堂\弹弹堂\release\弹弹堂.tlog\cl.read.1.tlog
e:\xuexi\c++project\弹弹堂\弹弹堂\release\弹弹堂.tlog\cl.write.1.tlog
e:\xuexi\c++project\弹弹堂\弹弹堂\release\弹弹堂.tlog\link.command.1.tlog
e:\xuexi\c++project\弹弹堂\弹弹堂\release\弹弹堂.tlog\link.delete.1.tlog
e:\xuexi\c++project\弹弹堂\弹弹堂\release\弹弹堂.tlog\link.read.1.tlog
e:\xuexi\c++project\弹弹堂\弹弹堂\release\弹弹堂.tlog\link.write.1.tlog
e:\xuexi\c++project\弹弹堂\弹弹堂\release\弹弹堂.tlog\rc.command.1.tlog
e:\xuexi\c++project\弹弹堂\弹弹堂\release\弹弹堂.tlog\rc.read.1.tlog
e:\xuexi\c++project\弹弹堂\弹弹堂\release\弹弹堂.tlog\rc.write.1.tlog
e:\xuexi\c++project\弹弹堂\弹弹堂\release\弹弹堂.tlog\弹弹堂.write.1u.tlog
